Using pre-set license
Built from '2020.3/staging' branch; Version is '2020.3.11f1 (99c7afb366b3) revision 10078127'; Using compiler version '192528614'; Build Type 'Release'
OS: 'Windows 10 Home; OS build 19042.1052; Version 2009; 64bit' Language: 'en' Physical Memory: 16332 MB
BatchMode: 1, IsHumanControllingUs: 0, StartBugReporterOnCrash: 0, Is64bit: 1, IsPro: 0

 COMMAND LINE ARGUMENTS:
C:\Program Files\Unity\Hub\Editor\2020.3.11f1\Editor\Unity.exe
-adb2
-batchMode
-noUpm
-name
AssetImportWorker1
-projectPath
D:/Unity Projects/Altplay Test
-logFile
Logs/AssetImportWorker1.log
-srvPort
51990
Successfully changed project path to: D:/Unity Projects/Altplay Test
D:/Unity Projects/Altplay Test
Using Asset Import Pipeline V2.
Refreshing native plugins compatible for Editor in 35.17 ms, found 2 plugins.
Preloading 0 native plugins for Editor in 0.00 ms.
Initialize engine version: 2020.3.11f1 (99c7afb366b3)
[Subsystems] Discovering subsystems at path C:/Program Files/Unity/Hub/Editor/2020.3.11f1/Editor/Data/Resources/UnitySubsystems
[Subsystems] Discovering subsystems at path D:/Unity Projects/Altplay Test/Assets
GfxDevice: creating device client; threaded=0
Direct3D:
    Version:  Direct3D 11.0 [level 11.1]
    Renderer: NVIDIA GeForce RTX 3070 (ID=0x2484)
    Vendor:   
    VRAM:     8043 MB
    Driver:   27.21.14.6611
Shader 'Universal Render Pipeline/Particles/Lit': fallback shader 'Universal Render Pipeline/Particles/SimpleLit' not found
Initialize mono
Mono path[0] = 'C:/Program Files/Unity/Hub/Editor/2020.3.11f1/Editor/Data/Managed'
Mono path[1] = 'C:/Program Files/Unity/Hub/Editor/2020.3.11f1/Editor/Data/MonoBleedingEdge/lib/mono/unityjit'
Mono config path = 'C:/Program Files/Unity/Hub/Editor/2020.3.11f1/Editor/Data/MonoBleedingEdge/etc'
Using monoOptions --debugger-agent=transport=dt_socket,embedding=1,server=y,suspend=n,address=127.0.0.1:56748
Begin MonoManager ReloadAssembly
Registering precompiled unity dll's ...
Register platform support module: C:/Program Files/Unity/Hub/Editor/2020.3.11f1/Editor/Data/PlaybackEngines/WindowsStandaloneSupport/UnityEditor.WindowsStandalone.Extensions.dll
Registered in 0.001229 seconds.
Native extension for WindowsStandalone target not found
Refreshing native plugins compatible for Editor in 34.74 ms, found 2 plugins.
Preloading 0 native plugins for Editor in 0.00 ms.
Mono: successfully reloaded assembly
- Completed reload, in  1.506 seconds
Platform modules already initialized, skipping
Registering precompiled user dll's ...
Registered in 0.001919 seconds.
Begin MonoManager ReloadAssembly
Native extension for WindowsStandalone target not found
Refreshing native plugins compatible for Editor in 35.16 ms, found 2 plugins.
Preloading 0 native plugins for Editor in 0.00 ms.
Mono: successfully reloaded assembly
- Completed reload, in  0.691 seconds
Platform modules already initialized, skipping
========================================================================
Worker process is ready to serve import requests
Shader 'Universal Render Pipeline/Particles/Lit': fallback shader 'Universal Render Pipeline/Particles/SimpleLit' not found
Launched and connected shader compiler UnityShaderCompiler.exe after 0.03 seconds
Refreshing native plugins compatible for Editor in 0.49 ms, found 2 plugins.
Preloading 0 native plugins for Editor in 0.00 ms.
Unloading 2804 Unused Serialized files (Serialized files now loaded: 0)
System memory in use before: 126.1 MB.
System memory in use after: 126.3 MB.

Unloading 32 unused Assets to reduce memory usage. Loaded Objects now: 3228.
Total: 1.955300 ms (FindLiveObjects: 0.193900 ms CreateObjectMapping: 0.066700 ms MarkObjects: 1.643700 ms  DeleteObjects: 0.050300 ms)

========================================================================
Received Import Request.
  path: Packages/com.unity.render-pipelines.universal/Runtime/Data/ForwardRendererData.asset
  artifactKey: Guid(618d298269e66c542b306de85db1faea) Importer(815301076,1909f56bfc062723c751e8b465ee728b)
Start importing Packages/com.unity.render-pipelines.universal/Runtime/Data/ForwardRendererData.asset using Guid(618d298269e66c542b306de85db1faea) Importer(815301076,1909f56bfc062723c751e8b465ee728b)  -> (artifact id: '9ac4f7b85ddbe9eabbe8aa9dde64b28a') in 0.025129 seconds
  Import took 0.028318 seconds .

========================================================================
Received Import Request.
  Time since last request: 0.000122 seconds.
  path: Packages/com.unity.render-pipelines.universal/Runtime/Data/PostProcessData.asset
  artifactKey: Guid(41439944d30ece34e96484bdb6645b55) Importer(815301076,1909f56bfc062723c751e8b465ee728b)
Start importing Packages/com.unity.render-pipelines.universal/Runtime/Data/PostProcessData.asset using Guid(41439944d30ece34e96484bdb6645b55) Importer(815301076,1909f56bfc062723c751e8b465ee728b)  -> (artifact id: '042fb5fd524ba12bcaf43303133bd187') in 0.003898 seconds
  Import took 0.006489 seconds .

========================================================================
Received Prepare
Shader 'Universal Render Pipeline/Particles/Lit': fallback shader 'Universal Render Pipeline/Particles/SimpleLit' not found
Refreshing native plugins compatible for Editor in 3.17 ms, found 2 plugins.
Preloading 0 native plugins for Editor in 0.00 ms.
Unloading 25 Unused Serialized files (Serialized files now loaded: 0)
System memory in use before: 66.0 MB.
System memory in use after: 66.3 MB.

Unloading 25 unused Assets to reduce memory usage. Loaded Objects now: 3228.
Total: 2.161900 ms (FindLiveObjects: 0.226400 ms CreateObjectMapping: 0.082900 ms MarkObjects: 1.838300 ms  DeleteObjects: 0.013600 ms)

========================================================================
Received Prepare
Shader 'Universal Render Pipeline/Particles/Lit': fallback shader 'Universal Render Pipeline/Particles/SimpleLit' not found
Refreshing native plugins compatible for Editor in 3.34 ms, found 2 plugins.
Preloading 0 native plugins for Editor in 0.00 ms.
Unloading 25 Unused Serialized files (Serialized files now loaded: 0)
System memory in use before: 66.0 MB.
System memory in use after: 66.3 MB.

Unloading 25 unused Assets to reduce memory usage. Loaded Objects now: 3228.
Total: 2.373400 ms (FindLiveObjects: 0.239500 ms CreateObjectMapping: 0.097000 ms MarkObjects: 2.022400 ms  DeleteObjects: 0.014000 ms)

========================================================================
Received Prepare
Registering precompiled user dll's ...
Registered in 0.001883 seconds.
Begin MonoManager ReloadAssembly
Native extension for WindowsStandalone target not found
Refreshing native plugins compatible for Editor in 0.52 ms, found 2 plugins.
Preloading 0 native plugins for Editor in 0.00 ms.
Mono: successfully reloaded assembly
- Completed reload, in  0.634 seconds
Platform modules already initialized, skipping
Switching build target platform(19) subTarget(0) extendedPlatform(0) -> platform(13) subTarget(537395200) extendedPlatform(0)
Shader 'Universal Render Pipeline/Particles/Lit': fallback shader 'Universal Render Pipeline/Particles/SimpleLit' not found
Refreshing native plugins compatible for Editor in 0.51 ms, found 2 plugins.
Preloading 0 native plugins for Editor in 0.00 ms.
Unloading 2695 Unused Serialized files (Serialized files now loaded: 0)
System memory in use before: 118.9 MB.
System memory in use after: 119.1 MB.

Unloading 27 unused Assets to reduce memory usage. Loaded Objects now: 3231.
Total: 1.985600 ms (FindLiveObjects: 0.224600 ms CreateObjectMapping: 0.085300 ms MarkObjects: 1.658500 ms  DeleteObjects: 0.016500 ms)

AssetImportParameters requested are different than current active one (requested -> active):
  custom:graphics/normal-map-encoding: 01000000000000000000000000000000 -> 02000000000000000000000000000000
========================================================================
Received Import Request.
  Time since last request: 561.330494 seconds.
  path: Assets/Textures/1409833-200.png
  artifactKey: Guid(375e7fc3403308c448bfc2e3d3ef8c49) Importer(815301076,1909f56bfc062723c751e8b465ee728b)
Start importing Assets/Textures/1409833-200.png using Guid(375e7fc3403308c448bfc2e3d3ef8c49) Importer(815301076,1909f56bfc062723c751e8b465ee728b)  -> (artifact id: 'de3d985f1e96f294efa640f20c808796') in 0.047938 seconds
  Import took 0.051446 seconds .

========================================================================
Received Import Request.
  Time since last request: 3.075980 seconds.
  path: Assets/Textures/T_Quit.png
  artifactKey: Guid(375e7fc3403308c448bfc2e3d3ef8c49) Importer(815301076,1909f56bfc062723c751e8b465ee728b)
Start importing Assets/Textures/T_Quit.png using Guid(375e7fc3403308c448bfc2e3d3ef8c49) Importer(815301076,1909f56bfc062723c751e8b465ee728b)  -> (artifact id: '7065a9c539986a07f2e7a5d22db91cfa') in 0.018852 seconds
  Import took 0.022933 seconds .

========================================================================
Received Import Request.
  Time since last request: 4.977064 seconds.
  path: Assets/Textures/T_Quit.png
  artifactKey: Guid(375e7fc3403308c448bfc2e3d3ef8c49) Importer(815301076,1909f56bfc062723c751e8b465ee728b)
Start importing Assets/Textures/T_Quit.png using Guid(375e7fc3403308c448bfc2e3d3ef8c49) Importer(815301076,1909f56bfc062723c751e8b465ee728b)  -> (artifact id: 'db5e76ac201f284a60a572abe916e111') in 0.030601 seconds
  Import took 0.033967 seconds .

========================================================================
Received Prepare
Registering precompiled user dll's ...
Registered in 0.001954 seconds.
Begin MonoManager ReloadAssembly
Native extension for WindowsStandalone target not found
Refreshing native plugins compatible for Editor in 0.52 ms, found 2 plugins.
Preloading 0 native plugins for Editor in 0.00 ms.
Mono: successfully reloaded assembly
- Completed reload, in  0.637 seconds
Platform modules already initialized, skipping
Switching build target platform(19) subTarget(0) extendedPlatform(0) -> platform(13) subTarget(537395200) extendedPlatform(0)
Shader 'Universal Render Pipeline/Particles/Lit': fallback shader 'Universal Render Pipeline/Particles/SimpleLit' not found
Refreshing native plugins compatible for Editor in 0.53 ms, found 2 plugins.
Preloading 0 native plugins for Editor in 0.00 ms.
Unloading 2695 Unused Serialized files (Serialized files now loaded: 0)
System memory in use before: 121.9 MB.
System memory in use after: 122.1 MB.

Unloading 27 unused Assets to reduce memory usage. Loaded Objects now: 3240.
Total: 1.853400 ms (FindLiveObjects: 0.192400 ms CreateObjectMapping: 0.062800 ms MarkObjects: 1.583200 ms  DeleteObjects: 0.014200 ms)

AssetImportParameters requested are different than current active one (requested -> active):
  custom:graphics/normal-map-encoding: 01000000000000000000000000000000 -> 02000000000000000000000000000000
========================================================================
Received Prepare
Registering precompiled user dll's ...
Registered in 0.001972 seconds.
Begin MonoManager ReloadAssembly
Native extension for WindowsStandalone target not found
Refreshing native plugins compatible for Editor in 0.50 ms, found 2 plugins.
Preloading 0 native plugins for Editor in 0.00 ms.
Mono: successfully reloaded assembly
- Completed reload, in  0.632 seconds
Platform modules already initialized, skipping
Switching build target platform(19) subTarget(0) extendedPlatform(0) -> platform(13) subTarget(537395200) extendedPlatform(0)
Shader 'Universal Render Pipeline/Particles/Lit': fallback shader 'Universal Render Pipeline/Particles/SimpleLit' not found
Refreshing native plugins compatible for Editor in 0.49 ms, found 2 plugins.
Preloading 0 native plugins for Editor in 0.00 ms.
Unloading 2695 Unused Serialized files (Serialized files now loaded: 0)
System memory in use before: 121.9 MB.
System memory in use after: 122.2 MB.

Unloading 27 unused Assets to reduce memory usage. Loaded Objects now: 3243.
Total: 1.945700 ms (FindLiveObjects: 0.209600 ms CreateObjectMapping: 0.083500 ms MarkObjects: 1.637400 ms  DeleteObjects: 0.014500 ms)

AssetImportParameters requested are different than current active one (requested -> active):
  custom:graphics/normal-map-encoding: 01000000000000000000000000000000 -> 02000000000000000000000000000000
========================================================================
Received Prepare
Shader 'Universal Render Pipeline/Particles/Lit': fallback shader 'Universal Render Pipeline/Particles/SimpleLit' not found
Refreshing native plugins compatible for Editor in 4.08 ms, found 2 plugins.
Preloading 0 native plugins for Editor in 0.00 ms.
Unloading 25 Unused Serialized files (Serialized files now loaded: 0)
System memory in use before: 69.3 MB.
System memory in use after: 69.5 MB.

Unloading 25 unused Assets to reduce memory usage. Loaded Objects now: 3243.
Total: 2.013100 ms (FindLiveObjects: 0.220100 ms CreateObjectMapping: 0.085700 ms MarkObjects: 1.693500 ms  DeleteObjects: 0.013300 ms)

========================================================================
Received Prepare
Registering precompiled user dll's ...
Registered in 0.001856 seconds.
Begin MonoManager ReloadAssembly
Native extension for WindowsStandalone target not found
Refreshing native plugins compatible for Editor in 0.53 ms, found 2 plugins.
Preloading 0 native plugins for Editor in 0.00 ms.
Mono: successfully reloaded assembly
- Completed reload, in  0.699 seconds
Platform modules already initialized, skipping
Switching build target platform(19) subTarget(0) extendedPlatform(0) -> platform(13) subTarget(537395200) extendedPlatform(0)
Shader 'Universal Render Pipeline/Particles/Lit': fallback shader 'Universal Render Pipeline/Particles/SimpleLit' not found
Refreshing native plugins compatible for Editor in 0.52 ms, found 2 plugins.
Preloading 0 native plugins for Editor in 0.00 ms.
Unloading 2695 Unused Serialized files (Serialized files now loaded: 0)
System memory in use before: 122.0 MB.
System memory in use after: 122.2 MB.

Unloading 27 unused Assets to reduce memory usage. Loaded Objects now: 3246.
Total: 2.048000 ms (FindLiveObjects: 0.228600 ms CreateObjectMapping: 0.098300 ms MarkObjects: 1.704900 ms  DeleteObjects: 0.015600 ms)

AssetImportParameters requested are different than current active one (requested -> active):
  custom:graphics/normal-map-encoding: 01000000000000000000000000000000 -> 02000000000000000000000000000000
========================================================================
Received Prepare
Shader 'Universal Render Pipeline/Particles/Lit': fallback shader 'Universal Render Pipeline/Particles/SimpleLit' not found
Refreshing native plugins compatible for Editor in 3.15 ms, found 2 plugins.
Preloading 0 native plugins for Editor in 0.00 ms.
Unloading 25 Unused Serialized files (Serialized files now loaded: 0)
System memory in use before: 69.3 MB.
System memory in use after: 69.5 MB.

Unloading 25 unused Assets to reduce memory usage. Loaded Objects now: 3246.
Total: 1.935800 ms (FindLiveObjects: 0.222500 ms CreateObjectMapping: 0.085800 ms MarkObjects: 1.614500 ms  DeleteObjects: 0.012300 ms)

========================================================================
Received Import Request.
  Time since last request: 620.124413 seconds.
  path: Assets/Animation/Camera_Default.anim
  artifactKey: Guid(2665225303dc0ba429387b9d94ed31ad) Importer(815301076,1909f56bfc062723c751e8b465ee728b)
Start importing Assets/Animation/Camera_Default.anim using Guid(2665225303dc0ba429387b9d94ed31ad) Importer(815301076,1909f56bfc062723c751e8b465ee728b)  -> (artifact id: 'd461ef11d12d03cee4d3e8bba3475d15') in 0.015245 seconds
  Import took 0.018967 seconds .

========================================================================
Received Import Request.
  Time since last request: 6.146132 seconds.
  path: Assets/Samples/Polybrush
  artifactKey: Guid(906b4e61b177b3b42a0ab6f391b1aba9) Importer(815301076,1909f56bfc062723c751e8b465ee728b)
Start importing Assets/Samples/Polybrush using Guid(906b4e61b177b3b42a0ab6f391b1aba9) Importer(815301076,1909f56bfc062723c751e8b465ee728b)  -> (artifact id: '1fed5aba476ff99a6e50e2ca64ac8e1c') in 0.004350 seconds
  Import took 0.007560 seconds .

========================================================================
Received Import Request.
  Time since last request: 5.768426 seconds.
  path: Assets/Scripts/Camera/BaseCamera.cs
  artifactKey: Guid(79d15a5349086424a82a1b488fe1da33) Importer(815301076,1909f56bfc062723c751e8b465ee728b)
Start importing Assets/Scripts/Camera/BaseCamera.cs using Guid(79d15a5349086424a82a1b488fe1da33) Importer(815301076,1909f56bfc062723c751e8b465ee728b)  -> (artifact id: 'd9e8e0afa28fd53c6c476df34f8d7799') in 0.006105 seconds
  Import took 0.009483 seconds .

========================================================================
Received Import Request.
  Time since last request: 0.011216 seconds.
  path: Assets/Scripts/Camera/BaseCamera.cs
  artifactKey: Guid(79d15a5349086424a82a1b488fe1da33) Importer(815301076,1909f56bfc062723c751e8b465ee728b)
Start importing Assets/Scripts/Camera/BaseCamera.cs using Guid(79d15a5349086424a82a1b488fe1da33) Importer(815301076,1909f56bfc062723c751e8b465ee728b)  -> (artifact id: 'd9e8e0afa28fd53c6c476df34f8d7799') in 0.001030 seconds
  Import took 0.003681 seconds .

========================================================================
Received Import Request.
  Time since last request: 0.962609 seconds.
  path: Assets/Shader/Water.shadergraph
  artifactKey: Guid(ae07c99343f35d244891790880406e24) Importer(815301076,1909f56bfc062723c751e8b465ee728b)
Start importing Assets/Shader/Water.shadergraph using Guid(ae07c99343f35d244891790880406e24) Importer(815301076,1909f56bfc062723c751e8b465ee728b)  -> (artifact id: 'b37c8f2840551800c777c93528dcdfed') in 0.005691 seconds
  Import took 0.009482 seconds .

========================================================================
Received Import Request.
  Time since last request: 6.613168 seconds.
  path: Packages/com.unity.render-pipelines.universal
  artifactKey: Guid(87f3e00faee74b02e6227b1c727beb50) Importer(815301076,1909f56bfc062723c751e8b465ee728b)
Start importing Packages/com.unity.render-pipelines.universal using Guid(87f3e00faee74b02e6227b1c727beb50) Importer(815301076,1909f56bfc062723c751e8b465ee728b)  -> (artifact id: '2a08795c2ff7aa8a59dc34e295bc15f9') in 0.005152 seconds
  Import took 0.008483 seconds .

AssetImportWorkerClient::OnTransportError - code=2 error=End of file
